# JRE version: OpenJDK Runtime Environment (8.0_191-b12) (build 1.8.0_191-8u191-b12-2ubuntu0.18.04.1-b12)
# Java VM: OpenJDK 64-Bit Server VM (25.191-b12 mixed mode linux-amd64 compressed oops)
Heap:
 def new generation   total 19136K, used 0K [0x00000000e0000000, 0x00000000e14c0000, 0x00000000eaaa0000)
  eden space 17024K,   0% used [0x00000000e0000000, 0x00000000e0000000, 0x00000000e10a0000)
  from space 2112K,   0% used [0x00000000e12b0000, 0x00000000e12b0000, 0x00000000e14c0000)
  to   space 2112K,   0% used [0x00000000e10a0000, 0x00000000e10a0000, 0x00000000e12b0000)
 tenured generation   total 42368K, used 5405K [0x00000000eaaa0000, 0x00000000ed400000, 0x0000000100000000)
   the space 42368K,  12% used [0x00000000eaaa0000, 0x00000000eafe7668, 0x00000000eafe7800, 0x00000000ed400000)
 Metaspace       used 17264K, capacity 17426K, committed 17664K, reserved 1064960K
  class space    used 1978K, capacity 2033K, committed 2048K, reserved 1048576K
GC Heap History (10 events):
Event: 8.441 GC heap before
{Heap before GC invocations=25 (full 1):
 def new generation   total 19136K, used 19136K [0x00000000e0000000, 0x00000000e14c0000, 0x00000000eaaa0000)
  eden space 17024K, 100% used [0x00000000e0000000, 0x00000000e10a0000, 0x00000000e10a0000)
  from space 2112K, 100% used [0x00000000e10a0000, 0x00000000e12b0000, 0x00000000e12b0000)
  to   space 2112K,   0% used [0x00000000e12b0000, 0x00000000e12b0000, 0x00000000e14c0000)
 tenured generation   total 42368K, used 30820K [0x00000000eaaa0000, 0x00000000ed400000, 0x0000000100000000)
   the space 42368K,  72% used [0x00000000eaaa0000, 0x00000000ec8b90f0, 0x00000000ec8b9200, 0x00000000ed400000)
 Metaspace       used 12859K, capacity 13044K, committed 13312K, reserved 1060864K
  class space    used 1439K, capacity 1512K, committed 1536K, reserved 1048576K
Event: 8.448 GC heap after
Heap after GC invocations=26 (full 1):
 def new generation   total 19136K, used 2112K [0x00000000e0000000, 0x00000000e14c0000, 0x00000000eaaa0000)
  eden space 17024K,   0% used [0x00000000e0000000, 0x00000000e0000000, 0x00000000e10a0000)
  from space 2112K, 100% used [0x00000000e12b0000, 0x00000000e14c0000, 0x00000000e14c0000)
  to   space 2112K,   0% used [0x00000000e10a0000, 0x00000000e10a0000, 0x00000000e12b0000)
 tenured generation   total 42368K, used 32078K [0x00000000eaaa0000, 0x00000000ed400000, 0x0000000100000000)
   the space 42368K,  75% used [0x00000000eaaa0000, 0x00000000ec9f3af8, 0x00000000ec9f3c00, 0x00000000ed400000)
 Metaspace       used 12859K, capacity 13044K, committed 13312K, reserved 1060864K
  class space    used 1439K, capacity 1512K, committed 1536K, reserved 1048576K
}
Event: 10.289 GC heap before
{Heap before GC invocations=26 (full 1):
 def new generation   total 19136K, used 19136K [0x00000000e0000000, 0x00000000e14c0000, 0x00000000eaaa0000)
  eden space 17024K, 100% used [0x00000000e0000000, 0x00000000e10a0000, 0x00000000e10a0000)
  from space 2112K, 100% used [0x00000000e12b0000, 0x00000000e14c0000, 0x00000000e14c0000)
  to   space 2112K,   0% used [0x00000000e10a0000, 0x00000000e10a0000, 0x00000000e12b0000)
 tenured generation   total 42368K, used 32078K [0x00000000eaaa0000, 0x00000000ed400000, 0x0000000100000000)
   the space 42368K,  75% used [0x00000000eaaa0000, 0x00000000ec9f3af8, 0x00000000ec9f3c00, 0x00000000ed400000)
 Metaspace       used 14797K, capacity 15048K, committed 15104K, reserved 1062912K
  class space    used 1686K, capacity 1776K, committed 1792K, reserved 1048576K
Event: 10.302 GC heap after
Heap after GC invocations=27 (full 1):
 def new generation   total 19136K, used 1772K [0x00000000e0000000, 0x00000000e14c0000, 0x00000000eaaa0000)
  eden space 17024K,   0% used [0x00000000e0000000, 0x00000000e0000000, 0x00000000e10a0000)
  from space 2112K,  83% used [0x00000000e10a0000, 0x00000000e125b108, 0x00000000e12b0000)
  to   space 2112K,   0% used [0x00000000e12b0000, 0x00000000e12b0000, 0x00000000e14c0000)
 tenured generation   total 42368K, used 32630K [0x00000000eaaa0000, 0x00000000ed400000, 0x0000000100000000)
   the space 42368K,  77% used [0x00000000eaaa0000, 0x00000000eca7d8d8, 0x00000000eca7da00, 0x00000000ed400000)
 Metaspace       used 14797K, capacity 15048K, committed 15104K, reserved 1062912K
  class space    used 1686K, capacity 1776K, committed 1792K, reserved 1048576K
}
Event: 11.059 GC heap before
{Heap before GC invocations=27 (full 1):
 def new generation   total 19136K, used 18796K [0x00000000e0000000, 0x00000000e14c0000, 0x00000000eaaa0000)
  eden space 17024K, 100% used [0x00000000e0000000, 0x00000000e10a0000, 0x00000000e10a0000)
  from space 2112K,  83% used [0x00000000e10a0000, 0x00000000e125b108, 0x00000000e12b0000)
  to   space 2112K,   0% used [0x00000000e12b0000, 0x00000000e12b0000, 0x00000000e14c0000)
 tenured generation   total 42368K, used 32630K [0x00000000eaaa0000, 0x00000000ed400000, 0x0000000100000000)
   the space 42368K,  77% used [0x00000000eaaa0000, 0x00000000eca7d8d8, 0x00000000eca7da00, 0x00000000ed400000)
 Metaspace       used 16132K, capacity 16366K, committed 16640K, reserved 1064960K
  class space    used 1846K, capacity 1937K, committed 2048K, reserved 1048576K
Event: 11.065 GC heap after
Heap after GC invocations=28 (full 1):
 def new generation   total 19136K, used 1291K [0x00000000e0000000, 0x00000000e14c0000, 0x00000000eaaa0000)
  eden space 17024K,   0% used [0x00000000e0000000, 0x00000000e0000000, 0x00000000e10a0000)
  from space 2112K,  61% used [0x00000000e12b0000, 0x00000000e13f2c88, 0x00000000e14c0000)
  to   space 2112K,   0% used [0x00000000e10a0000, 0x00000000e10a0000, 0x00000000e12b0000)
 tenured generation   total 42368K, used 33179K [0x00000000eaaa0000, 0x00000000ed400000, 0x0000000100000000)
   the space 42368K,  78% used [0x00000000eaaa0000, 0x00000000ecb06e00, 0x00000000ecb06e00, 0x00000000ed400000)
 Metaspace       used 16132K, capacity 16366K, committed 16640K, reserved 1064960K
  class space    used 1846K, capacity 1937K, committed 2048K, reserved 1048576K
}
Event: 11.406 GC heap before
{Heap before GC invocations=28 (full 1):
 def new generation   total 19136K, used 18315K [0x00000000e0000000, 0x00000000e14c0000, 0x00000000eaaa0000)
  eden space 17024K, 100% used [0x00000000e0000000, 0x00000000e10a0000, 0x00000000e10a0000)
  from space 2112K,  61% used [0x00000000e12b0000, 0x00000000e13f2c88, 0x00000000e14c0000)
  to   space 2112K,   0% used [0x00000000e10a0000, 0x00000000e10a0000, 0x00000000e12b0000)
 tenured generation   total 42368K, used 33179K [0x00000000eaaa0000, 0x00000000ed400000, 0x0000000100000000)
   the space 42368K,  78% used [0x00000000eaaa0000, 0x00000000ecb06e00, 0x00000000ecb06e00, 0x00000000ed400000)
 Metaspace       used 16618K, capacity 16846K, committed 17152K, reserved 1064960K
  class space    used 1899K, capacity 1969K, committed 2048K, reserved 1048576K
Event: 11.420 GC heap after
Heap after GC invocations=29 (full 1):
 def new generation   total 19136K, used 683K [0x00000000e0000000, 0x00000000e14c0000, 0x00000000eaaa0000)
  eden space 17024K,   0% used [0x00000000e0000000, 0x00000000e0000000, 0x00000000e10a0000)
  from space 2112K,  32% used [0x00000000e10a0000, 0x00000000e114ae48, 0x00000000e12b0000)
  to   space 2112K,   0% used [0x00000000e12b0000, 0x00000000e12b0000, 0x00000000e14c0000)
 tenured generation   total 42368K, used 34077K [0x00000000eaaa0000, 0x00000000ed400000, 0x0000000100000000)
   the space 42368K,  80% used [0x00000000eaaa0000, 0x00000000ecbe7560, 0x00000000ecbe7600, 0x00000000ed400000)
 Metaspace       used 16618K, capacity 16846K, committed 17152K, reserved 1064960K
  class space    used 1899K, capacity 1969K, committed 2048K, reserved 1048576K
}
Event: 12.175 GC heap before
{Heap before GC invocations=29 (full 1):
 def new generation   total 19136K, used 13731K [0x00000000e0000000, 0x00000000e14c0000, 0x00000000eaaa0000)
  eden space 17024K,  76% used [0x00000000e0000000, 0x00000000e0cbde38, 0x00000000e10a0000)
  from space 2112K,  32% used [0x00000000e10a0000, 0x00000000e114ae48, 0x00000000e12b0000)
  to   space 2112K,   0% used [0x00000000e12b0000, 0x00000000e12b0000, 0x00000000e14c0000)
 tenured generation   total 42368K, used 34077K [0x00000000eaaa0000, 0x00000000ed400000, 0x0000000100000000)
   the space 42368K,  80% used [0x00000000eaaa0000, 0x00000000ecbe7560, 0x00000000ecbe7600, 0x00000000ed400000)
 Metaspace       used 17264K, capacity 17426K, committed 17664K, reserved 1064960K
  class space    used 1978K, capacity 2033K, committed 2048K, reserved 1048576K
Event: 12.285 GC heap after
Heap after GC invocations=30 (full 2):
 def new generation   total 19136K, used 0K [0x00000000e0000000, 0x00000000e14c0000, 0x00000000eaaa0000)
  eden space 17024K,   0% used [0x00000000e0000000, 0x00000000e0000000, 0x00000000e10a0000)
  from space 2112K,   0% used [0x00000000e12b0000, 0x00000000e12b0000, 0x00000000e14c0000)
  to   space 2112K,   0% used [0x00000000e10a0000, 0x00000000e10a0000, 0x00000000e12b0000)
 tenured generation   total 42368K, used 5405K [0x00000000eaaa0000, 0x00000000ed400000, 0x0000000100000000)
   the space 42368K,  12% used [0x00000000eaaa0000, 0x00000000eafe7668, 0x00000000eafe7800, 0x00000000ed400000)
 Metaspace       used 17264K, capacity 17426K, committed 17664K, reserved 1064960K
  class space    used 1978K, capacity 2033K, committed 2048K, reserved 1048576K
}

